2018-03-08 00:57:26,319 - MonitorResource:DEBUG: Loaded policy submodules: []
2018-03-08 00:57:26,319 - MonitorResource:DEBUG: Loaded usage submodules: []
2018-03-08 00:57:26,320 - MonitorResource:DEBUG: Loaded limit submodules: ['limit', 'external']
2018-03-08 00:57:26,320 - MonitorResource:DEBUG: Using limit submodule 'limit'
2018-03-08 00:57:26,324 - CPUResource:DEBUG: Loaded policy submodules: ['cpulimit', 'external', 'cpuweight']
2018-03-08 00:57:26,325 - CPUResource:DEBUG: Loaded usage submodules: ['usage']
2018-03-08 00:57:26,327 - CPUResource:DEBUG: Loaded limit submodules: ['limit', 'external']
2018-03-08 00:57:26,327 - ExternalPolicy:DEBUG: Using executable '/root/cgmon/demo/mod_policy_cpumin.py'
2018-03-08 00:57:26,327 - CPUResource:DEBUG: Using policy submodule 'external'
2018-03-08 00:57:26,327 - CPUResource:DEBUG: Using usage submodule 'usage'
2018-03-08 00:57:26,327 - ExternalLimit:DEBUG: Using executable '/root/cgmon/demo/mod_limit_cpu.py'
2018-03-08 00:57:26,327 - CPUResource:DEBUG: Using limit submodule 'external'
2018-03-08 00:57:26,774 - MonitorServer:INFO: Starting...
2018-03-08 00:57:26,776 - MonitorServer:DEBUG: Registering command app_list
2018-03-08 00:57:26,776 - MonitorServer:DEBUG: Registering command app_spawn
2018-03-08 00:57:26,776 - MonitorServer:DEBUG: Registering command stop
2018-03-08 00:57:26,776 - MonitorServer:DEBUG: Registering command resource_list
2018-03-08 00:57:26,776 - MonitorServer:DEBUG: Registering command app_attach
2018-03-08 00:57:26,777 - MonitorServer:DEBUG: Registering command kill
2018-03-08 00:57:26,777 - MonitorServer:DEBUG: Registering command remove
2018-03-08 00:57:26,777 - MonitorServer:DEBUG: Registering command limit_apply
2018-03-08 00:57:26,777 - MonitorServer:DEBUG: Registering command limit_list
2018-03-08 00:57:26,777 - MonitorServer:DEBUG: Registering command limit_create
2018-03-08 00:57:26,778 - MonitorServer:INFO: Entering  main loop
2018-03-08 00:57:31,242 - ExternalPolicy:DEBUG: Calling /root/cgmon/demo/mod_policy_cpumin.py with input policy:BANKDB:cpu:1000\n
2018-03-08 00:57:31,271 - ExternalPolicy:DEBUG: Got output: score:1.0\nset_limit:BANKDB:cpu.shares:1000\n
2018-03-08 00:57:31,272 - ExternalPolicy:DEBUG: Calculated limits {'BANKDB': CPULimit(shares=1000)}
2018-03-08 00:57:31,272 - ExternalPolicy:DEBUG: Calling /root/cgmon/demo/mod_policy_cpumin.py with input policy:BANKDB:cpu:1000\n
2018-03-08 00:57:31,302 - ExternalPolicy:DEBUG: Got output: score:1.0\nset_limit:BANKDB:cpu.shares:1000\n
2018-03-08 00:57:31,302 - ExternalPolicy:DEBUG: Calculated limits {'BANKDB': CPULimit(shares=1000)}
2018-03-08 00:57:31,303 - CPUResource:DEBUG: Creating CPU resource for BANKDB
2018-03-08 00:57:31,303 - ExternalLimit:DEBUG: Creating CPU cgroup for BANKDB
2018-03-08 00:57:31,303 - ExternalLimit:DEBUG: Calling /root/cgmon/demo/mod_limit_cpu.py with input create:monitor:cpu:BANKDB\n
2018-03-08 00:57:31,346 - ExternalLimit:INFO: Created CPU cgroup for BANKDB
2018-03-08 00:57:31,346 - CPUResource:INFO: Created CPU cgroup for BANKDB
2018-03-08 00:57:31,351 - CPUResource:DEBUG: Adding 11491 in CPU cgroup for BANKDB
2018-03-08 00:57:31,352 - ExternalLimit:DEBUG: Adding 11491 in CPU cgroup for BANKDB
2018-03-08 00:57:31,353 - ExternalLimit:DEBUG: Calling /root/cgmon/demo/mod_limit_cpu.py with input add:monitor:cpu:BANKDB:11491\n
2018-03-08 00:57:31,385 - ExternalLimit:INFO: Added 11491 in CPU cgroup for BANKDB
2018-03-08 00:57:31,386 - CPUResource:INFO: Added 11491 in CPU cgroup for BANKDB
2018-03-08 00:57:31,391 - ExternalLimit:DEBUG: Setting limit for BANKDB to CPULimit(shares=1000)
2018-03-08 00:57:31,393 - ExternalLimit:DEBUG: Calling /root/cgmon/demo/mod_limit_cpu.py with input set_limit:monitor:cpu:BANKDB:cpu.shares:1000\n
2018-03-08 00:57:31,771 - ExternalPolicy:DEBUG: Calling /root/cgmon/demo/mod_policy_cpumin.py with input policy:WEBDB:cpu:500\npolicy:BANKDB:cpu:1000\n
2018-03-08 00:57:31,797 - ExternalPolicy:DEBUG: Got output: score:1.0\nset_limit:WEBDB:cpu.shares:500\nset_limit:BANKDB:cpu.shares:1000\n
2018-03-08 00:57:31,797 - ExternalPolicy:DEBUG: Calculated limits {'WEBDB': CPULimit(shares=500), 'BANKDB': CPULimit(shares=1000)}
2018-03-08 00:57:31,797 - ExternalPolicy:DEBUG: Calling /root/cgmon/demo/mod_policy_cpumin.py with input policy:WEBDB:cpu:500\npolicy:BANKDB:cpu:1000\n
2018-03-08 00:57:31,823 - ExternalPolicy:DEBUG: Got output: score:1.0\nset_limit:WEBDB:cpu.shares:500\nset_limit:BANKDB:cpu.shares:1000\n
2018-03-08 00:57:31,823 - ExternalPolicy:DEBUG: Calculated limits {'WEBDB': CPULimit(shares=500), 'BANKDB': CPULimit(shares=1000)}
2018-03-08 00:57:31,824 - CPUResource:DEBUG: Creating CPU resource for WEBDB
2018-03-08 00:57:31,824 - ExternalLimit:DEBUG: Creating CPU cgroup for WEBDB
2018-03-08 00:57:31,824 - ExternalLimit:DEBUG: Calling /root/cgmon/demo/mod_limit_cpu.py with input create:monitor:cpu:WEBDB\n
2018-03-08 00:57:31,857 - ExternalLimit:INFO: Created CPU cgroup for WEBDB
2018-03-08 00:57:31,857 - CPUResource:INFO: Created CPU cgroup for WEBDB
2018-03-08 00:57:31,862 - CPUResource:DEBUG: Adding 11503 in CPU cgroup for WEBDB
2018-03-08 00:57:31,863 - ExternalLimit:DEBUG: Adding 11503 in CPU cgroup for WEBDB
2018-03-08 00:57:31,863 - ExternalLimit:DEBUG: Calling /root/cgmon/demo/mod_limit_cpu.py with input add:monitor:cpu:WEBDB:11503\n
2018-03-08 00:57:31,892 - ExternalLimit:INFO: Added 11503 in CPU cgroup for WEBDB
2018-03-08 00:57:31,892 - CPUResource:INFO: Added 11503 in CPU cgroup for WEBDB
2018-03-08 00:57:31,894 - ExternalLimit:DEBUG: Setting limit for WEBDB to CPULimit(shares=500)
2018-03-08 00:57:31,895 - ExternalLimit:DEBUG: Setting limit for BANKDB to CPULimit(shares=1000)
2018-03-08 00:57:31,895 - ExternalLimit:DEBUG: Calling /root/cgmon/demo/mod_limit_cpu.py with input set_limit:monitor:cpu:WEBDB:cpu.shares:500\nset_limit:monitor:cpu:BANKDB:cpu.shares:1000\n
2018-03-08 00:57:32,213 - ExternalPolicy:DEBUG: Calling /root/cgmon/demo/mod_policy_cpumin.py with input policy:WEBDB:cpu:500\npolicy:BANKDB:cpu:1000\npolicy:VIDEOENC:cpu:50\n
2018-03-08 00:57:32,239 - ExternalPolicy:DEBUG: Got output: score:1.0\nset_limit:WEBDB:cpu.shares:500\nset_limit:BANKDB:cpu.shares:1000\nset_limit:VIDEOENC:cpu.shares:50\n
2018-03-08 00:57:32,239 - ExternalPolicy:DEBUG: Calculated limits {'WEBDB': CPULimit(shares=500), 'BANKDB': CPULimit(shares=1000), 'VIDEOENC': CPULimit(shares=50)}
2018-03-08 00:57:32,240 - ExternalPolicy:DEBUG: Calling /root/cgmon/demo/mod_policy_cpumin.py with input policy:WEBDB:cpu:500\npolicy:BANKDB:cpu:1000\npolicy:VIDEOENC:cpu:50\n
2018-03-08 00:57:32,265 - ExternalPolicy:DEBUG: Got output: score:1.0\nset_limit:WEBDB:cpu.shares:500\nset_limit:BANKDB:cpu.shares:1000\nset_limit:VIDEOENC:cpu.shares:50\n
2018-03-08 00:57:32,265 - ExternalPolicy:DEBUG: Calculated limits {'WEBDB': CPULimit(shares=500), 'BANKDB': CPULimit(shares=1000), 'VIDEOENC': CPULimit(shares=50)}
2018-03-08 00:57:32,266 - CPUResource:DEBUG: Creating CPU resource for VIDEOENC
2018-03-08 00:57:32,266 - ExternalLimit:DEBUG: Creating CPU cgroup for VIDEOENC
2018-03-08 00:57:32,266 - ExternalLimit:DEBUG: Calling /root/cgmon/demo/mod_limit_cpu.py with input create:monitor:cpu:VIDEOENC\n
2018-03-08 00:57:32,300 - ExternalLimit:INFO: Created CPU cgroup for VIDEOENC
2018-03-08 00:57:32,301 - CPUResource:INFO: Created CPU cgroup for VIDEOENC
2018-03-08 00:57:32,305 - CPUResource:DEBUG: Adding 11515 in CPU cgroup for VIDEOENC
2018-03-08 00:57:32,306 - ExternalLimit:DEBUG: Adding 11515 in CPU cgroup for VIDEOENC
2018-03-08 00:57:32,306 - ExternalLimit:DEBUG: Calling /root/cgmon/demo/mod_limit_cpu.py with input add:monitor:cpu:VIDEOENC:11515\n
2018-03-08 00:57:32,336 - ExternalLimit:INFO: Added 11515 in CPU cgroup for VIDEOENC
2018-03-08 00:57:32,336 - CPUResource:INFO: Added 11515 in CPU cgroup for VIDEOENC
2018-03-08 00:57:32,338 - ExternalLimit:DEBUG: Setting limit for WEBDB to CPULimit(shares=500)
2018-03-08 00:57:32,339 - ExternalLimit:DEBUG: Setting limit for BANKDB to CPULimit(shares=1000)
2018-03-08 00:57:32,339 - ExternalLimit:DEBUG: Setting limit for VIDEOENC to CPULimit(shares=50)
2018-03-08 00:57:32,339 - ExternalLimit:DEBUG: Calling /root/cgmon/demo/mod_limit_cpu.py with input set_limit:monitor:cpu:WEBDB:cpu.shares:500\nset_limit:monitor:cpu:BANKDB:cpu.shares:1000\nset_limit:monitor:cpu:VIDEOENC:cpu.shares:50\n
2018-03-08 00:57:32,596 - ExternalPolicy:DEBUG: Calling /root/cgmon/demo/mod_policy_cpumin.py with input policy:WEBDB:cpu:500\npolicy:BANKDB:cpu:1000\npolicy:VIDEOENC:cpu:50\npolicy:SPAMBOT:cpu:50\n
2018-03-08 00:57:32,624 - ExternalPolicy:DEBUG: Got output: score:1.0\nset_limit:WEBDB:cpu.shares:500\nset_limit:BANKDB:cpu.shares:1000\nset_limit:VIDEOENC:cpu.shares:50\nset_limit:SPAMBOT:cpu.shares:50\n
2018-03-08 00:57:32,624 - ExternalPolicy:DEBUG: Calculated limits {'WEBDB': CPULimit(shares=500), 'BANKDB': CPULimit(shares=1000), 'SPAMBOT': CPULimit(shares=50), 'VIDEOENC': CPULimit(shares=50)}
2018-03-08 00:57:32,625 - ExternalPolicy:DEBUG: Calling /root/cgmon/demo/mod_policy_cpumin.py with input policy:WEBDB:cpu:500\npolicy:BANKDB:cpu:1000\npolicy:VIDEOENC:cpu:50\npolicy:SPAMBOT:cpu:50\n
2018-03-08 00:57:32,653 - ExternalPolicy:DEBUG: Got output: score:1.0\nset_limit:WEBDB:cpu.shares:500\nset_limit:BANKDB:cpu.shares:1000\nset_limit:VIDEOENC:cpu.shares:50\nset_limit:SPAMBOT:cpu.shares:50\n
2018-03-08 00:57:32,653 - ExternalPolicy:DEBUG: Calculated limits {'WEBDB': CPULimit(shares=500), 'BANKDB': CPULimit(shares=1000), 'SPAMBOT': CPULimit(shares=50), 'VIDEOENC': CPULimit(shares=50)}
2018-03-08 00:57:32,654 - CPUResource:DEBUG: Creating CPU resource for SPAMBOT
2018-03-08 00:57:32,654 - ExternalLimit:DEBUG: Creating CPU cgroup for SPAMBOT
2018-03-08 00:57:32,654 - ExternalLimit:DEBUG: Calling /root/cgmon/demo/mod_limit_cpu.py with input create:monitor:cpu:SPAMBOT\n
2018-03-08 00:57:32,695 - ExternalLimit:INFO: Created CPU cgroup for SPAMBOT
2018-03-08 00:57:32,695 - CPUResource:INFO: Created CPU cgroup for SPAMBOT
2018-03-08 00:57:32,700 - CPUResource:DEBUG: Adding 11525 in CPU cgroup for SPAMBOT
2018-03-08 00:57:32,701 - ExternalLimit:DEBUG: Adding 11525 in CPU cgroup for SPAMBOT
2018-03-08 00:57:32,701 - ExternalLimit:DEBUG: Calling /root/cgmon/demo/mod_limit_cpu.py with input add:monitor:cpu:SPAMBOT:11525\n
2018-03-08 00:57:32,733 - ExternalLimit:INFO: Added 11525 in CPU cgroup for SPAMBOT
2018-03-08 00:57:32,734 - CPUResource:INFO: Added 11525 in CPU cgroup for SPAMBOT
2018-03-08 00:57:32,736 - ExternalLimit:DEBUG: Setting limit for WEBDB to CPULimit(shares=500)
2018-03-08 00:57:32,737 - ExternalLimit:DEBUG: Setting limit for BANKDB to CPULimit(shares=1000)
2018-03-08 00:57:32,737 - ExternalLimit:DEBUG: Setting limit for SPAMBOT to CPULimit(shares=50)
2018-03-08 00:57:32,737 - ExternalLimit:DEBUG: Setting limit for VIDEOENC to CPULimit(shares=50)
2018-03-08 00:57:32,737 - ExternalLimit:DEBUG: Calling /root/cgmon/demo/mod_limit_cpu.py with input set_limit:monitor:cpu:WEBDB:cpu.shares:500\nset_limit:monitor:cpu:BANKDB:cpu.shares:1000\nset_limit:monitor:cpu:SPAMBOT:cpu.shares:50\nset_limit:monitor:cpu:VIDEOENC:cpu.shares:50\n
2018-03-08 00:57:38,404 - ExternalPolicy:DEBUG: Calling /root/cgmon/demo/mod_policy_cpumin.py with input policy:WEBDB:cpu:500\npolicy:BANKDB:cpu:1000\npolicy:SPAMBOT:cpu:50\npolicy:MEDICALDB:cpu:1000\npolicy:VIDEOENC:cpu:50\n
2018-03-08 00:57:38,430 - ExternalPolicy:DEBUG: Got output: score:-1.0\nset_limit:WEBDB:cpu.shares:500\nset_limit:BANKDB:cpu.shares:1000\nset_limit:SPAMBOT:cpu.shares:50\nset_limit:MEDICALDB:cpu.shares:1000\nset_limit:VIDEOENC:cpu.shares:50\n
2018-03-08 00:57:38,430 - ExternalPolicy:DEBUG: Calculated limits {'WEBDB': CPULimit(shares=500), 'BANKDB': CPULimit(shares=1000), 'VIDEOENC': CPULimit(shares=50), 'MEDICALDB': CPULimit(shares=1000), 'SPAMBOT': CPULimit(shares=50)}
2018-03-08 00:57:38,430 - ExternalPolicy:DEBUG: Calling /root/cgmon/demo/mod_policy_cpumin.py with input policy:WEBDB:cpu:500\npolicy:BANKDB:cpu:1000\npolicy:SPAMBOT:cpu:50\npolicy:MEDICALDB:cpu:1000\npolicy:VIDEOENC:cpu:50\n
2018-03-08 00:57:38,456 - ExternalPolicy:DEBUG: Got output: score:-1.0\nset_limit:WEBDB:cpu.shares:500\nset_limit:BANKDB:cpu.shares:1000\nset_limit:SPAMBOT:cpu.shares:50\nset_limit:MEDICALDB:cpu.shares:1000\nset_limit:VIDEOENC:cpu.shares:50\n
2018-03-08 00:57:38,456 - ExternalPolicy:DEBUG: Calculated limits {'WEBDB': CPULimit(shares=500), 'BANKDB': CPULimit(shares=1000), 'VIDEOENC': CPULimit(shares=50), 'MEDICALDB': CPULimit(shares=1000), 'SPAMBOT': CPULimit(shares=50)}
2018-03-08 00:57:38,457 - Monitor:WARNING: Resource CPU returned negative score (-1.0) while spawning 'MEDICALDB' with policy 'platinum'.
2018-03-08 00:57:39,734 - ExternalPolicy:DEBUG: Calling /root/cgmon/demo/mod_policy_cpumin.py with input policy:WEBDB:cpu:500\npolicy:BANKDB:cpu:1000\npolicy:SPAMBOT:cpu:50\npolicy:MEDICALDB:cpu:1000\npolicy:VIDEOENC:cpu:50\n
2018-03-08 00:57:39,759 - ExternalPolicy:DEBUG: Got output: score:-1.0\nset_limit:WEBDB:cpu.shares:500\nset_limit:BANKDB:cpu.shares:1000\nset_limit:SPAMBOT:cpu.shares:50\nset_limit:MEDICALDB:cpu.shares:1000\nset_limit:VIDEOENC:cpu.shares:50\n
2018-03-08 00:57:39,760 - ExternalPolicy:DEBUG: Calculated limits {'WEBDB': CPULimit(shares=500), 'BANKDB': CPULimit(shares=1000), 'VIDEOENC': CPULimit(shares=50), 'MEDICALDB': CPULimit(shares=1000), 'SPAMBOT': CPULimit(shares=50)}
2018-03-08 00:57:39,760 - ExternalPolicy:DEBUG: Calling /root/cgmon/demo/mod_policy_cpumin.py with input policy:WEBDB:cpu:500\npolicy:BANKDB:cpu:1000\npolicy:SPAMBOT:cpu:50\npolicy:MEDICALDB:cpu:1000\npolicy:VIDEOENC:cpu:50\n
2018-03-08 00:57:39,785 - ExternalPolicy:DEBUG: Got output: score:-1.0\nset_limit:WEBDB:cpu.shares:500\nset_limit:BANKDB:cpu.shares:1000\nset_limit:SPAMBOT:cpu.shares:50\nset_limit:MEDICALDB:cpu.shares:1000\nset_limit:VIDEOENC:cpu.shares:50\n
2018-03-08 00:57:39,786 - ExternalPolicy:DEBUG: Calculated limits {'WEBDB': CPULimit(shares=500), 'BANKDB': CPULimit(shares=1000), 'VIDEOENC': CPULimit(shares=50), 'MEDICALDB': CPULimit(shares=1000), 'SPAMBOT': CPULimit(shares=50)}
2018-03-08 00:57:39,786 - Monitor:INFO: Ignoring negative score -1.0 for resource CPU while spawning 'MEDICALDB' with policy 'platinum'.
2018-03-08 00:57:39,786 - CPUResource:DEBUG: Creating CPU resource for MEDICALDB
2018-03-08 00:57:39,787 - ExternalLimit:DEBUG: Creating CPU cgroup for MEDICALDB
2018-03-08 00:57:39,787 - ExternalLimit:DEBUG: Calling /root/cgmon/demo/mod_limit_cpu.py with input create:monitor:cpu:MEDICALDB\n
2018-03-08 00:57:39,827 - ExternalLimit:INFO: Created CPU cgroup for MEDICALDB
2018-03-08 00:57:39,828 - CPUResource:INFO: Created CPU cgroup for MEDICALDB
2018-03-08 00:57:39,832 - CPUResource:DEBUG: Adding 11545 in CPU cgroup for MEDICALDB
2018-03-08 00:57:39,833 - ExternalLimit:DEBUG: Adding 11545 in CPU cgroup for MEDICALDB
2018-03-08 00:57:39,833 - ExternalLimit:DEBUG: Calling /root/cgmon/demo/mod_limit_cpu.py with input add:monitor:cpu:MEDICALDB:11545\n
2018-03-08 00:57:39,864 - ExternalLimit:INFO: Added 11545 in CPU cgroup for MEDICALDB
2018-03-08 00:57:39,864 - CPUResource:INFO: Added 11545 in CPU cgroup for MEDICALDB
2018-03-08 00:57:39,866 - ExternalLimit:DEBUG: Setting limit for WEBDB to CPULimit(shares=500)
2018-03-08 00:57:39,867 - ExternalLimit:DEBUG: Setting limit for BANKDB to CPULimit(shares=1000)
2018-03-08 00:57:39,867 - ExternalLimit:DEBUG: Setting limit for SPAMBOT to CPULimit(shares=50)
2018-03-08 00:57:39,867 - ExternalLimit:DEBUG: Setting limit for MEDICALDB to CPULimit(shares=1000)
2018-03-08 00:57:39,867 - ExternalLimit:DEBUG: Setting limit for VIDEOENC to CPULimit(shares=50)
2018-03-08 00:57:39,867 - ExternalLimit:DEBUG: Calling /root/cgmon/demo/mod_limit_cpu.py with input set_limit:monitor:cpu:WEBDB:cpu.shares:500\nset_limit:monitor:cpu:BANKDB:cpu.shares:1000\nset_limit:monitor:cpu:SPAMBOT:cpu.shares:50\nset_limit:monitor:cpu:MEDICALDB:cpu.shares:1000\nset_limit:monitor:cpu:VIDEOENC:cpu.shares:50\n
2018-03-08 00:57:50,349 - CPUResource:DEBUG: Removing app WEBDB
2018-03-08 00:57:50,349 - ExternalLimit:DEBUG: Removing task WEBDB
2018-03-08 00:57:50,349 - ExternalLimit:DEBUG: Calling /root/cgmon/demo/mod_limit_cpu.py with input remove:monitor:cpu:WEBDB\n
2018-03-08 00:57:50,386 - ExternalLimit:INFO: Removed task WEBDB
2018-03-08 00:57:50,387 - CPUResource:INFO: Removed app WEBDB
2018-03-08 00:57:50,388 - ExternalPolicy:DEBUG: Calling /root/cgmon/demo/mod_policy_cpumin.py with input policy:SPAMBOT:cpu:50\npolicy:BANKDB:cpu:1000\npolicy:MEDICALDB:cpu:1000\npolicy:VIDEOENC:cpu:50\n
2018-03-08 00:57:50,457 - ExternalPolicy:DEBUG: Got output: score:-1.0\nset_limit:SPAMBOT:cpu.shares:50\nset_limit:BANKDB:cpu.shares:1000\nset_limit:MEDICALDB:cpu.shares:1000\nset_limit:VIDEOENC:cpu.shares:50\n
2018-03-08 00:57:50,457 - ExternalPolicy:DEBUG: Calculated limits {'SPAMBOT': CPULimit(shares=50), 'BANKDB': CPULimit(shares=1000), 'MEDICALDB': CPULimit(shares=1000), 'VIDEOENC': CPULimit(shares=50)}
2018-03-08 00:57:50,457 - ExternalPolicy:DEBUG: Calling /root/cgmon/demo/mod_policy_cpumin.py with input policy:SPAMBOT:cpu:50\npolicy:BANKDB:cpu:1000\npolicy:MEDICALDB:cpu:1000\npolicy:VIDEOENC:cpu:50\n
2018-03-08 00:57:50,509 - ExternalPolicy:DEBUG: Got output: score:-1.0\nset_limit:SPAMBOT:cpu.shares:50\nset_limit:BANKDB:cpu.shares:1000\nset_limit:MEDICALDB:cpu.shares:1000\nset_limit:VIDEOENC:cpu.shares:50\n
2018-03-08 00:57:50,509 - ExternalPolicy:DEBUG: Calculated limits {'SPAMBOT': CPULimit(shares=50), 'BANKDB': CPULimit(shares=1000), 'MEDICALDB': CPULimit(shares=1000), 'VIDEOENC': CPULimit(shares=50)}
2018-03-08 00:57:50,509 - ExternalLimit:DEBUG: Setting limit for BANKDB to CPULimit(shares=1000)
2018-03-08 00:57:50,509 - ExternalLimit:DEBUG: Setting limit for SPAMBOT to CPULimit(shares=50)
2018-03-08 00:57:50,510 - ExternalLimit:DEBUG: Setting limit for MEDICALDB to CPULimit(shares=1000)
2018-03-08 00:57:50,510 - ExternalLimit:DEBUG: Setting limit for VIDEOENC to CPULimit(shares=50)
2018-03-08 00:57:50,510 - ExternalLimit:DEBUG: Calling /root/cgmon/demo/mod_limit_cpu.py with input set_limit:monitor:cpu:BANKDB:cpu.shares:1000\nset_limit:monitor:cpu:SPAMBOT:cpu.shares:50\nset_limit:monitor:cpu:MEDICALDB:cpu.shares:1000\nset_limit:monitor:cpu:VIDEOENC:cpu.shares:50\n
2018-03-08 00:57:50,541 - CPUResource:DEBUG: Removing app SPAMBOT
2018-03-08 00:57:50,541 - ExternalLimit:DEBUG: Removing task SPAMBOT
2018-03-08 00:57:50,541 - ExternalLimit:DEBUG: Calling /root/cgmon/demo/mod_limit_cpu.py with input remove:monitor:cpu:SPAMBOT\n
2018-03-08 00:57:50,576 - ExternalLimit:INFO: Removed task SPAMBOT
2018-03-08 00:57:50,577 - CPUResource:INFO: Removed app SPAMBOT
2018-03-08 00:57:50,577 - ExternalPolicy:DEBUG: Calling /root/cgmon/demo/mod_policy_cpumin.py with input policy:BANKDB:cpu:1000\npolicy:MEDICALDB:cpu:1000\npolicy:VIDEOENC:cpu:50\n
2018-03-08 00:57:50,603 - ExternalPolicy:DEBUG: Got output: score:-1.0\nset_limit:BANKDB:cpu.shares:1000\nset_limit:MEDICALDB:cpu.shares:1000\nset_limit:VIDEOENC:cpu.shares:50\n
2018-03-08 00:57:50,604 - ExternalPolicy:DEBUG: Calculated limits {'BANKDB': CPULimit(shares=1000), 'MEDICALDB': CPULimit(shares=1000), 'VIDEOENC': CPULimit(shares=50)}
2018-03-08 00:57:50,604 - ExternalPolicy:DEBUG: Calling /root/cgmon/demo/mod_policy_cpumin.py with input policy:BANKDB:cpu:1000\npolicy:MEDICALDB:cpu:1000\npolicy:VIDEOENC:cpu:50\n
2018-03-08 00:57:50,631 - ExternalPolicy:DEBUG: Got output: score:-1.0\nset_limit:BANKDB:cpu.shares:1000\nset_limit:MEDICALDB:cpu.shares:1000\nset_limit:VIDEOENC:cpu.shares:50\n
2018-03-08 00:57:50,632 - ExternalPolicy:DEBUG: Calculated limits {'BANKDB': CPULimit(shares=1000), 'MEDICALDB': CPULimit(shares=1000), 'VIDEOENC': CPULimit(shares=50)}
2018-03-08 00:57:50,632 - ExternalLimit:DEBUG: Setting limit for BANKDB to CPULimit(shares=1000)
2018-03-08 00:57:50,632 - ExternalLimit:DEBUG: Setting limit for MEDICALDB to CPULimit(shares=1000)
2018-03-08 00:57:50,632 - ExternalLimit:DEBUG: Setting limit for VIDEOENC to CPULimit(shares=50)
2018-03-08 00:57:50,632 - ExternalLimit:DEBUG: Calling /root/cgmon/demo/mod_limit_cpu.py with input set_limit:monitor:cpu:BANKDB:cpu.shares:1000\nset_limit:monitor:cpu:MEDICALDB:cpu.shares:1000\nset_limit:monitor:cpu:VIDEOENC:cpu.shares:50\n
2018-03-08 00:57:50,665 - CPUResource:DEBUG: Removing app BANKDB
2018-03-08 00:57:50,665 - ExternalLimit:DEBUG: Removing task BANKDB
2018-03-08 00:57:50,665 - ExternalLimit:DEBUG: Calling /root/cgmon/demo/mod_limit_cpu.py with input remove:monitor:cpu:BANKDB\n
2018-03-08 00:57:50,715 - ExternalLimit:INFO: Removed task BANKDB
2018-03-08 00:57:50,715 - CPUResource:INFO: Removed app BANKDB
2018-03-08 00:57:50,716 - ExternalPolicy:DEBUG: Calling /root/cgmon/demo/mod_policy_cpumin.py with input policy:MEDICALDB:cpu:1000\npolicy:VIDEOENC:cpu:50\n
2018-03-08 00:57:50,747 - ExternalPolicy:DEBUG: Got output: score:1.0\nset_limit:MEDICALDB:cpu.shares:1000\nset_limit:VIDEOENC:cpu.shares:50\n
2018-03-08 00:57:50,748 - ExternalPolicy:DEBUG: Calculated limits {'MEDICALDB': CPULimit(shares=1000), 'VIDEOENC': CPULimit(shares=50)}
2018-03-08 00:57:50,748 - ExternalPolicy:DEBUG: Calling /root/cgmon/demo/mod_policy_cpumin.py with input policy:MEDICALDB:cpu:1000\npolicy:VIDEOENC:cpu:50\n
2018-03-08 00:57:50,776 - ExternalPolicy:DEBUG: Got output: score:1.0\nset_limit:MEDICALDB:cpu.shares:1000\nset_limit:VIDEOENC:cpu.shares:50\n
2018-03-08 00:57:50,776 - ExternalPolicy:DEBUG: Calculated limits {'MEDICALDB': CPULimit(shares=1000), 'VIDEOENC': CPULimit(shares=50)}
2018-03-08 00:57:50,776 - ExternalLimit:DEBUG: Setting limit for MEDICALDB to CPULimit(shares=1000)
2018-03-08 00:57:50,777 - ExternalLimit:DEBUG: Setting limit for VIDEOENC to CPULimit(shares=50)
2018-03-08 00:57:50,777 - ExternalLimit:DEBUG: Calling /root/cgmon/demo/mod_limit_cpu.py with input set_limit:monitor:cpu:MEDICALDB:cpu.shares:1000\nset_limit:monitor:cpu:VIDEOENC:cpu.shares:50\n
2018-03-08 00:57:50,810 - CPUResource:DEBUG: Removing app VIDEOENC
2018-03-08 00:57:50,810 - ExternalLimit:DEBUG: Removing task VIDEOENC
2018-03-08 00:57:50,811 - ExternalLimit:DEBUG: Calling /root/cgmon/demo/mod_limit_cpu.py with input remove:monitor:cpu:VIDEOENC\n
2018-03-08 00:57:50,859 - ExternalLimit:INFO: Removed task VIDEOENC
2018-03-08 00:57:50,860 - CPUResource:INFO: Removed app VIDEOENC
2018-03-08 00:57:50,860 - ExternalPolicy:DEBUG: Calling /root/cgmon/demo/mod_policy_cpumin.py with input policy:MEDICALDB:cpu:1000\n
2018-03-08 00:57:50,887 - ExternalPolicy:DEBUG: Got output: score:1.0\nset_limit:MEDICALDB:cpu.shares:1000\n
2018-03-08 00:57:50,888 - ExternalPolicy:DEBUG: Calculated limits {'MEDICALDB': CPULimit(shares=1000)}
2018-03-08 00:57:50,888 - ExternalPolicy:DEBUG: Calling /root/cgmon/demo/mod_policy_cpumin.py with input policy:MEDICALDB:cpu:1000\n
2018-03-08 00:57:50,915 - ExternalPolicy:DEBUG: Got output: score:1.0\nset_limit:MEDICALDB:cpu.shares:1000\n
2018-03-08 00:57:50,916 - ExternalPolicy:DEBUG: Calculated limits {'MEDICALDB': CPULimit(shares=1000)}
2018-03-08 00:57:50,916 - ExternalLimit:DEBUG: Setting limit for MEDICALDB to CPULimit(shares=1000)
2018-03-08 00:57:50,916 - ExternalLimit:DEBUG: Calling /root/cgmon/demo/mod_limit_cpu.py with input set_limit:monitor:cpu:MEDICALDB:cpu.shares:1000\n
2018-03-08 00:57:50,957 - CPUResource:DEBUG: Removing app MEDICALDB
2018-03-08 00:57:50,957 - ExternalLimit:DEBUG: Removing task MEDICALDB
2018-03-08 00:57:50,957 - ExternalLimit:DEBUG: Calling /root/cgmon/demo/mod_limit_cpu.py with input remove:monitor:cpu:MEDICALDB\n
2018-03-08 00:57:51,055 - ExternalLimit:INFO: Removed task MEDICALDB
2018-03-08 00:57:51,056 - CPUResource:INFO: Removed app MEDICALDB
2018-03-08 00:57:51,056 - ExternalPolicy:DEBUG: Calling /root/cgmon/demo/mod_policy_cpumin.py with input 
2018-03-08 00:57:51,117 - ExternalPolicy:DEBUG: Got output: score:1.0\n
2018-03-08 00:57:51,118 - ExternalPolicy:DEBUG: Calculated limits {}
2018-03-08 00:57:51,119 - ExternalPolicy:DEBUG: Calling /root/cgmon/demo/mod_policy_cpumin.py with input 
2018-03-08 00:57:51,180 - ExternalPolicy:DEBUG: Got output: score:1.0\n
2018-03-08 00:57:51,181 - ExternalPolicy:DEBUG: Calculated limits {}
2018-03-08 00:57:51,181 - ExternalLimit:DEBUG: Calling /root/cgmon/demo/mod_limit_cpu.py with input 
